<?xml version="1.0" encoding="UTF-8"?>
<!-- Generated by org.testng.reporters.JUnitReportReporter -->
<testsuite skipped="0" hostname="HPDA0237" name="arrays.registerTestClass" tests="3" failures="0" timestamp="03 Aug 2018 05:11:57 GMT" time="8.335" errors="0">
  <testcase name="navigatetohomepage" time="6.161" classname="arrays.registerTestClass"/>
  <testcase name="navigateToRegisterPage" time="1.982" classname="arrays.registerTestClass"/>
  <testcase name="enterfirstname" time="0.192" classname="arrays.registerTestClass"/>
</testsuite> <!-- arrays.registerTestClass -->
