<?xml version="1.0" encoding="UTF-8"?>
<!-- Generated by org.testng.reporters.JUnitReportReporter -->
<testsuite skipped="0" hostname="LAPTOP-O4MQQSJF" name="TestClass.HomePage_Test" tests="2" failures="0" timestamp="28 Jul 2018 14:51:09 GMT" time="3.128" errors="0">
  <testcase name="Step01_LaunchApplication" time="2.608" classname="TestClass.HomePage_Test"/>
  <testcase name="Step02_verifyTextPresentInHomePage" time="0.520" classname="TestClass.HomePage_Test"/>
</testsuite> <!-- TestClass.HomePage_Test -->
