<?xml version="1.0" encoding="UTF-8"?>
<!-- Generated by org.testng.reporters.JUnitReportReporter -->
<testsuite skipped="0" hostname="LAPTOP-O4MQQSJF" name="BijenderTech.TestClass_Test" tests="2" failures="0" timestamp="28 Jul 2018 10:50:42 GMT" time="2.776" errors="0">
  <testcase name="verifyTextPresentInHomePage" time="0.005" classname="BijenderTech.TestClass_Test"/>
  <testcase name="TestCase1_LaunchApplication" time="2.771" classname="BijenderTech.TestClass_Test"/>
</testsuite> <!-- BijenderTech.TestClass_Test -->
