<?xml version="1.0" encoding="UTF-8"?>
<!-- Generated by org.testng.reporters.JUnitReportReporter -->
<testsuite skipped="0" hostname="LAPTOP-O4MQQSJF" name="TestClass.TestClass_Test" tests="2" failures="0" timestamp="28 Jul 2018 10:53:23 GMT" time="2.867" errors="0">
  <testcase name="verifyTextPresentInHomePage" time="0.005" classname="TestClass.TestClass_Test"/>
  <testcase name="TestCase1_LaunchApplication" time="2.862" classname="TestClass.TestClass_Test"/>
</testsuite> <!-- TestClass.TestClass_Test -->
