<?xml version="1.0" encoding="UTF-8"?>
<!-- Generated by org.testng.reporters.JUnitReportReporter -->
<testsuite skipped="0" hostname="LAPTOP-O4MQQSJF" name="BijenderTech.TestClass_Test" tests="1" failures="0" timestamp="27 Jul 2018 19:11:09 GMT" time="4.432" errors="0">
  <testcase name="TestCase1_LaunchApplication" time="4.432" classname="BijenderTech.TestClass_Test"/>
</testsuite> <!-- BijenderTech.TestClass_Test -->
