<?xml version="1.0" encoding="UTF-8"?>
<!-- Generated by org.testng.reporters.JUnitReportReporter -->
<testsuite skipped="0" hostname="LAPTOP-O4MQQSJF" name="learn.class4" tests="1" failures="0" timestamp="02 Aug 2018 18:28:02 GMT" time="0.016" errors="0">
  <testcase name="run" time="0.016" classname="learn.class4"/>
</testsuite> <!-- learn.class4 -->
