<?xml version="1.0" encoding="UTF-8"?>
<!-- Generated by org.testng.reporters.JUnitReportReporter -->
<testsuite skipped="0" hostname="LAPTOP-O4MQQSJF" name="arrays.registerTestClass" tests="3" failures="0" timestamp="04 Aug 2018 16:32:02 GMT" time="3.977" errors="0">
  <testcase name="navigateToRegisterPage" time="1.634" classname="arrays.registerTestClass"/>
  <testcase name="enterfirstname" time="0.258" classname="arrays.registerTestClass"/>
  <testcase name="navigatetohomepage" time="2.085" classname="arrays.registerTestClass"/>
</testsuite> <!-- arrays.registerTestClass -->
