<?xml version="1.0" encoding="UTF-8"?>
<!-- Generated by org.testng.reporters.JUnitReportReporter -->
<testsuite skipped="0" hostname="LAPTOP-O4MQQSJF" name="mercuryWelcomeActionClass.registerPageTest" tests="3" failures="0" timestamp="04 Aug 2018 18:16:26 GMT" time="4.478" errors="0">
  <testcase name="enterfirstname" time="0.164" classname="mercuryWelcomeActionClass.registerPageTest"/>
  <testcase name="navigateToRegisterPage" time="1.164" classname="mercuryWelcomeActionClass.registerPageTest"/>
  <testcase name="navigatetohomepage" time="3.150" classname="mercuryWelcomeActionClass.registerPageTest"/>
</testsuite> <!-- mercuryWelcomeActionClass.registerPageTest -->
