<?xml version="1.0" encoding="UTF-8"?>
<!-- Generated by org.testng.reporters.JUnitReportReporter -->
<testsuite skipped="0" hostname="LAPTOP-O4MQQSJF" name="mercuryWelcomeActionClass.HelloWorldTest" tests="1" failures="0" timestamp="04 Aug 2018 17:31:44 GMT" time="0.021" errors="0">
  <testcase name="hello" time="0.021" classname="mercuryWelcomeActionClass.HelloWorldTest"/>
</testsuite> <!-- mercuryWelcomeActionClass.HelloWorldTest -->
