<?xml version="1.0" encoding="UTF-8"?>
<!-- Generated by org.testng.reporters.JUnitReportReporter -->
<testsuite skipped="0" hostname="LAPTOP-O4MQQSJF" name="mercuryWelcomeTest.homePageTest" tests="1" failures="0" timestamp="04 Aug 2018 18:27:56 GMT" time="2.392" errors="0">
  <testcase name="navigatetohomepage" time="2.392" classname="mercuryWelcomeTest.homePageTest"/>
</testsuite> <!-- mercuryWelcomeTest.homePageTest -->
