<?xml version="1.0" encoding="UTF-8"?>
<!-- Generated by org.testng.reporters.JUnitReportReporter -->
<testsuite skipped="0" hostname="LAPTOP-O4MQQSJF" name="mercuryWelcome.MyFrameworkNew.HelloWorldTest" tests="1" failures="0" timestamp="04 Aug 2018 17:20:06 GMT" time="0.015" errors="0">
  <testcase name="hello" time="0.015" classname="mercuryWelcome.MyFrameworkNew.HelloWorldTest"/>
</testsuite> <!-- mercuryWelcome.MyFrameworkNew.HelloWorldTest -->
