<?xml version="1.0" encoding="UTF-8"?>
<!-- Generated by org.testng.reporters.JUnitReportReporter -->
<testsuite skipped="0" hostname="ASDP1493PO01976" name="mercuryWelcomeTest.homePageTest" tests="2" failures="0" timestamp="29 Aug 2019 08:51:06 GMT" time="10.172" errors="0">
  <testcase name="navigatetohomepage" time="5.332" classname="mercuryWelcomeTest.homePageTest"/>
  <testcase name="navigatetohomepage1" time="4.840" classname="mercuryWelcomeTest.homePageTest"/>
</testsuite> <!-- mercuryWelcomeTest.homePageTest -->
