<?xml version="1.0" encoding="UTF-8"?>
<!-- Generated by org.testng.reporters.JUnitReportReporter -->
<testsuite skipped="0" hostname="LAPTOP-O4MQQSJF" name="arrays.TestClass" tests="2" failures="0" timestamp="02 Aug 2018 19:13:06 GMT" time="3.427" errors="0">
  <testcase name="navigatetohomepage" time="2.225" classname="arrays.TestClass"/>
  <testcase name="navigateToRegisterPage" time="1.202" classname="arrays.TestClass"/>
</testsuite> <!-- arrays.TestClass -->
